proguard/mapping.txt
com.bs.activity.AddMusicActivity$1$1 -> com.bs.activity.b:
    com.bs.activity.AddMusicActivity$1 this$1 -> a
    com.bs.entity.MusicBean val$bean -> b
    void sure() -> a
    void cancel() -> b
com.bs.activity.InitActivity -> com.bs.activity.InitActivity:
    void onCreate(android.os.Bundle) -> onCreate
com.bs.activity.InitActivity$1 -> com.bs.activity.c:
    com.bs.activity.InitActivity this$0 -> a
    void run() -> run
com.bs.activity.MainActivity -> com.bs.activity.MainActivity:
    com.bs.service.BackgroundService service -> c
    android.content.ServiceConnection conn -> d
    android.widget.TextView title -> e
    com.bs.adapter.MusicAdapter adapter -> f
    com.bs.activity.MainActivity$MyHandle handler -> g
    java.util.List list -> h
    android.widget.ImageView pre -> i
    android.widget.ImageView play -> j
    android.widget.ImageView stop -> k
    android.widget.ImageView next -> l
    android.widget.SeekBar seekbar -> a
    int position -> m
    com.bs.listener.SongChangeListener mSongChangeListener -> n
    java.lang.Runnable runnable -> b
    void onDestroy() -> onDestroy
    void onCreate(android.os.Bundle) -> onCreate
    void onResume() -> onResume
    void getMusic() -> a
    boolean onKeyDown(int,android.view.KeyEvent) -> onKeyDown
    void onClick(android.view.View) -> onClick
    void onListItemClick(android.widget.ListView,android.view.View,int,long) -> onListItemClick
    void onStop() -> onStop
    void onPause() -> onPause
    void startMusic() -> b
    void access$0(com.bs.activity.MainActivity,com.bs.service.BackgroundService) -> a
    com.bs.service.BackgroundService access$1(com.bs.activity.MainActivity) -> a
    com.bs.activity.MainActivity$MyHandle access$2(com.bs.activity.MainActivity) -> b
    void access$3(java.util.List) -> a
    java.util.List access$4() -> c
    com.bs.listener.SongChangeListener access$5(com.bs.activity.MainActivity) -> c
com.bs.activity.MainActivity$1 -> com.bs.activity.d:
    com.bs.activity.MainActivity this$0 -> a
    void onServiceDisconnected(android.content.ComponentName) -> onServiceDisconnected
    void onServiceConnected(android.content.ComponentName,android.os.IBinder) -> onServiceConnected
com.bs.activity.MainActivity$2 -> com.bs.activity.e:
    com.bs.activity.MainActivity this$0 -> a
    void run() -> run
com.bs.activity.MainActivity$3 -> com.bs.activity.f:
    com.bs.activity.MainActivity this$0 -> a
    void onStopTrackingTouch(android.widget.SeekBar) -> onStopTrackingTouch
    void onStartTrackingTouch(android.widget.SeekBar) -> onStartTrackingTouch
    void onProgressChanged(android.widget.SeekBar,int,boolean) -> onProgressChanged
com.bs.activity.MainActivity$4 -> com.bs.activity.g:
    com.bs.activity.MainActivity this$0 -> a
    void onClick(android.view.View) -> onClick
com.bs.activity.MainActivity$5 -> com.bs.activity.h:
    com.bs.activity.MainActivity this$0 -> a
    void onSongChange() -> a
com.bs.activity.MainActivity$5$1 -> com.bs.activity.i:
    com.bs.activity.MainActivity$5 this$1 -> a
    void run() -> run
com.bs.activity.MainActivity$6 -> com.bs.activity.j:
    com.bs.activity.MainActivity this$0 -> a
    boolean onItemLongClick(android.widget.AdapterView,android.view.View,int,long) -> onItemLongClick
    com.bs.activity.MainActivity access$0(com.bs.activity.MainActivity$6) -> a
com.bs.activity.MainActivity$6$1 -> com.bs.activity.k:
    com.bs.activity.MainActivity$6 this$1 -> a
    com.bs.entity.MusicBean val$bean -> b
    void sure() -> a
    void cancel() -> b
com.bs.activity.MainActivity$7 -> com.bs.activity.l:
    com.bs.activity.MainActivity this$0 -> a
    void run() -> run
com.bs.activity.MainActivity$8 -> com.bs.activity.m:
    com.bs.activity.MainActivity this$0 -> a
    void sure() -> a
    void cancel() -> b
com.bs.activity.MainActivity$MyHandle -> com.bs.activity.n:
    android.content.Context context -> a
    com.bs.adapter.MusicAdapter adapter -> b
    void handleMessage(android.os.Message) -> handleMessage