proguard/usage.txt
com.bs.rockingmusic1.BuildConfig
com.bs.rockingmusic1.R
com.bs.rockingmusic1.R$attr
com.bs.rockingmusic1.R$color
com.bs.rockingmusic1.R$dimen
com.bs.rockingmusic1.R$drawable
com.bs.rockingmusic1.R$id
com.bs.rockingmusic1.R$layout
com.bs.rockingmusic1.R$menu
com.bs.rockingmusic1.R$string
com.bs.rockingmusic1.R$style
...
android.support.v4.app.ActivityCompatHoneycomb
android.support.v4.app.ActivityCompatJB
android.support.v4.app.ActivityOptionsCompat
android.support.v4.app.ActivityOptionsCompat$ActivityOptionsImplJB
android.support.v4.app.ActivityOptionsCompatJB
android.support.v4.app.BackStackRecord
android.support.v4.app.BackStackRecord$Op
android.support.v4.app.BackStackState
android.support.v4.app.BackStackState$1
android.support.v4.app.DialogFragment
android.support.v4.app.Fragment
android.support.v4.app.Fragment$1
android.support.v4.app.Fragment$InstantiationException
android.support.v4.app.Fragment$SavedState
android.support.v4.app.Fragment$SavedState$1
android.support.v4.app.FragmentActivity
android.support.v4.app.FragmentActivity$1
android.support.v4.app.FragmentActivity$2
android.support.v4.app.FragmentActivity$FragmentTag
android.support.v4.app.FragmentActivity$NonConfigurationInstances
android.support.v4.app.FragmentContainer
android.support.v4.app.FragmentManager
android.support.v4.app.FragmentManager$BackStackEntry
android.support.v4.app.FragmentManager$OnBackStackChangedListener
android.support.v4.app.FragmentManagerImpl
android.support.v4.app.FragmentManagerImpl$1
android.support.v4.app.FragmentManagerImpl$2
android.support.v4.app.FragmentManagerImpl$3
android.support.v4.app.FragmentManagerImpl$4
android.support.v4.app.FragmentManagerImpl$5
android.support.v4.app.FragmentManagerState
android.support.v4.app.FragmentManagerState$1
android.support.v4.app.FragmentPagerAdapter
android.support.v4.app.FragmentState
android.support.v4.app.FragmentState$1
android.support.v4.app.FragmentStatePagerAdapter
android.support.v4.app.FragmentTabHost
android.support.v4.app.FragmentTabHost$1
android.support.v4.app.FragmentTabHost$DummyTabFactory
android.support.v4.app.FragmentTabHost$SavedState
android.support.v4.app.FragmentTabHost$SavedState$1
android.support.v4.app.FragmentTabHost$TabInfo
android.support.v4.app.FragmentTransaction
android.support.v4.app.ListFragment
android.support.v4.app.ListFragment$1
android.support.v4.app.ListFragment$2
android.support.v4.app.LoaderManager
android.support.v4.app.LoaderManager$LoaderCallbacks
android.support.v4.app.LoaderManagerImpl
android.support.v4.app.LoaderManagerImpl$LoaderInfo
android.support.v4.app.NavUtils
android.support.v4.app.NavUtils$NavUtilsImpl
android.support.v4.app.NavUtils$NavUtilsImplBase
android.support.v4.app.NavUtils$NavUtilsImplJB
android.support.v4.app.NavUtilsJB
android.support.v4.app.NoSaveStateFrameLayout
android.support.v4.app.NotificationCompat
android.support.v4.app.NotificationCompat$Action
android.support.v4.app.NotificationCompat$BigPictureStyle
android.support.v4.app.NotificationCompat$BigTextStyle
android.support.v4.app.NotificationCompat$Builder
android.support.v4.app.NotificationCompat$InboxStyle
android.support.v4.app.NotificationCompat$NotificationCompatImpl
android.support.v4.app.NotificationCompat$NotificationCompatImplBase
android.support.v4.app.NotificationCompat$NotificationCompatImplGingerbread
android.support.v4.app.NotificationCompat$NotificationCompatImplHoneycomb
android.support.v4.app.NotificationCompat$NotificationCompatImplIceCreamSandwich
android.support.v4.app.NotificationCompat$NotificationCompatImplJellybean
android.support.v4.app.NotificationCompat$Style
android.support.v4.app.NotificationCompatGingerbread
android.support.v4.app.NotificationCompatHoneycomb
android.support.v4.app.NotificationCompatIceCreamSandwich
android.support.v4.app.NotificationCompatJellybean
android.support.v4.app.ServiceCompat
android.support.v4.app.ShareCompat
android.support.v4.app.ShareCompat$IntentBuilder
android.support.v4.app.ShareCompat$IntentReader
android.support.v4.app.ShareCompat$ShareCompatImpl
android.support.v4.app.ShareCompat$ShareCompatImplBase
android.support.v4.app.ShareCompat$ShareCompatImplICS
android.support.v4.app.ShareCompat$ShareCompatImplJB
android.support.v4.app.ShareCompatICS
android.support.v4.app.ShareCompatJB